<?xml version="1.0" encoding="UTF-8"?>
<!-- Generated by org.testng.reporters.JUnitXMLReporter -->
<testsuite ignored="0" hostname="juguu" failures="2" tests="2" name="Command line test" time="0.056" errors="0" timestamp="2022-10-23T20:00:54 IST">
  <testcase classname="com.virtusa.AppTest" name="testlogin1" time="0.009">
    <failure type="java.util.MissingResourceException" message="Can&amp;apos;t find resource for bundle java.util.PropertyResourceBundle, key passeord">
      <![CDATA[java.util.MissingResourceException: Can't find resource for bundle java.util.PropertyResourceBundle, key passeord
at java.base/java.util.ResourceBundle.getObject(ResourceBundle.java:563)
at java.base/java.util.ResourceBundle.getString(ResourceBundle.java:520)
at com.virtusa.App.userLogin(App.java:10)
at com.virtusa.AppTest.testlogin1(AppTest.java:10)
at java.base/java.util.ArrayList.forEach(ArrayList.java:1511)
... Removed 36 stack frames]]>
    </failure>
  </testcase> <!-- testlogin1 -->
  <testcase classname="com.virtusa.AppTest" name="testlogin2" time="0.0">
    <failure type="java.util.MissingResourceException" message="Can&amp;apos;t find resource for bundle java.util.PropertyResourceBundle, key passeord">
      <![CDATA[java.util.MissingResourceException: Can't find resource for bundle java.util.PropertyResourceBundle, key passeord
at java.base/java.util.ResourceBundle.getObject(ResourceBundle.java:563)
at java.base/java.util.ResourceBundle.getString(ResourceBundle.java:520)
at com.virtusa.App.userLogin(App.java:10)
at com.virtusa.AppTest.testlogin2(AppTest.java:17)
at java.base/java.util.ArrayList.forEach(ArrayList.java:1511)
... Removed 36 stack frames]]>
    </failure>
  </testcase> <!-- testlogin2 -->
</testsuite> <!-- Command line test -->
