<?xml version="1.0" encoding="UTF-8" ?>
<testsuite tests="2" failures="2" name="com.virtusa.AppTest" time="0.015" errors="0" skipped="0">
  <properties>
[...]
</properties>
  <testcase classname="com.virtusa.AppTest" name="testlogin1" time="0.015">
    <failure message="Can&apos;t find resource for bundle java.util.PropertyResourceBundle, key passeord" type="java.util.MissingResourceException">java.util.MissingResourceException: Can&apos;t find resource for bundle java.util.PropertyResourceBundle, key passeord
	at java.base/java.util.ResourceBundle.getObject(ResourceBundle.java:563)
	at java.base/java.util.ResourceBundle.getString(ResourceBundle.java:520)
	at com.virtusa.App.userLogin(App.java:10)
	at com.virtusa.AppTest.testlogin1(AppTest.java:10)
</failure>
    <system-out>Configuring TestNG with: org.apache.maven.surefire.testng.conf.TestNG652Configurator@3fd7a715
</system-out>
    <system-err>SLF4J: Failed to load class &quot;org.slf4j.impl.StaticLoggerBinder&quot;.
SLF4J: Defaulting to no-operation (NOP) logger implementation
SLF4J: See http://www.slf4j.org/codes.html#StaticLoggerBinder for further details.
</system-err>
  </testcase>
  <testcase classname="com.virtusa.AppTest" name="testlogin2" time="0">
    <failure message="Can&apos;t find resource for bundle java.util.PropertyResourceBundle, key passeord" type="java.util.MissingResourceException">java.util.MissingResourceException: Can&apos;t find resource for bundle java.util.PropertyResourceBundle, key passeord
	at java.base/java.util.ResourceBundle.getObject(ResourceBundle.java:563)
	at java.base/java.util.ResourceBundle.getString(ResourceBundle.java:520)
	at com.virtusa.App.userLogin(App.java:10)
	at com.virtusa.AppTest.testlogin2(AppTest.java:17)
</failure>
  </testcase>
</testsuite>